<?xml version="1.0" encoding="UTF-8"?>
<!-- Generated by org.testng.reporters.JUnitReportReporter -->
<testsuite skipped="0" hostname="Vignesh-PC" name="Actions_selenium" tests="1" failures="0" timestamp="05 Jul 2018 08:14:16 GMT" time="255.491" errors="0">
  <testcase name="actionsTest" time="255.491" classname="Actions_selenium"/>
</testsuite> <!-- Actions_selenium -->
